Determining if the pthread_create exist failed with the following output:
Change Dir: /workspace/bao_files/my_tensor_RT/tensor_inference_lanenet/lanedetection_trt/build/CMakeFiles/CMakeTmp

Run Build Command(s):/usr/bin/make cmTC_06827/fast 
/usr/bin/make -f CMakeFiles/cmTC_06827.dir/build.make CMakeFiles/cmTC_06827.dir/build
make[1]: Entering directory '/workspace/bao_files/my_tensor_RT/tensor_inference_lanenet/lanedetection_trt/build/CMakeFiles/CMakeTmp'
Building C object CMakeFiles/cmTC_06827.dir/CheckSymbolExists.c.o
/usr/bin/cc   -fPIC    -o CMakeFiles/cmTC_06827.dir/CheckSymbolExists.c.o   -c /workspace/bao_files/my_tensor_RT/tensor_inference_lanenet/lanedetection_trt/build/CMakeFiles/CMakeTmp/CheckSymbolExists.c
Linking C executable cmTC_06827
/usr/local/bin/cmake -E cmake_link_script CMakeFiles/cmTC_06827.dir/link.txt --verbose=1
/usr/bin/cc -fPIC     CMakeFiles/cmTC_06827.dir/CheckSymbolExists.c.o  -o cmTC_06827 
/usr/bin/ld: CMakeFiles/cmTC_06827.dir/CheckSymbolExists.c.o: in function `main':
CheckSymbolExists.c:(.text+0x1f): undefined reference to `pthread_create'
collect2: error: ld returned 1 exit status
make[1]: *** [CMakeFiles/cmTC_06827.dir/build.make:87: cmTC_06827] Error 1
make[1]: Leaving directory '/workspace/bao_files/my_tensor_RT/tensor_inference_lanenet/lanedetection_trt/build/CMakeFiles/CMakeTmp'
make: *** [Makefile:121: cmTC_06827/fast] Error 2

File /workspace/bao_files/my_tensor_RT/tensor_inference_lanenet/lanedetection_trt/build/CMakeFiles/CMakeTmp/CheckSymbolExists.c:
/* */
#include <pthread.h>

int main(int argc, char** argv)
{
  (void)argv;
#ifndef pthread_create
  return ((int*)(&pthread_create))[argc];
#else
  (void)argc;
  return 0;
#endif
}

Determining if the function pthread_create exists in the pthreads failed with the following output:
Change Dir: /workspace/bao_files/my_tensor_RT/tensor_inference_lanenet/lanedetection_trt/build/CMakeFiles/CMakeTmp

Run Build Command(s):/usr/bin/make cmTC_ad7c8/fast 
/usr/bin/make -f CMakeFiles/cmTC_ad7c8.dir/build.make CMakeFiles/cmTC_ad7c8.dir/build
make[1]: Entering directory '/workspace/bao_files/my_tensor_RT/tensor_inference_lanenet/lanedetection_trt/build/CMakeFiles/CMakeTmp'
Building C object CMakeFiles/cmTC_ad7c8.dir/CheckFunctionExists.c.o
/usr/bin/cc   -fPIC -DCHECK_FUNCTION_EXISTS=pthread_create   -o CMakeFiles/cmTC_ad7c8.dir/CheckFunctionExists.c.o   -c /usr/local/share/cmake-3.14/Modules/CheckFunctionExists.c
Linking C executable cmTC_ad7c8
/usr/local/bin/cmake -E cmake_link_script CMakeFiles/cmTC_ad7c8.dir/link.txt --verbose=1
/usr/bin/cc -fPIC -DCHECK_FUNCTION_EXISTS=pthread_create    CMakeFiles/cmTC_ad7c8.dir/CheckFunctionExists.c.o  -o cmTC_ad7c8 -lpthreads 
/usr/bin/ld: cannot find -lpthreads
collect2: error: ld returned 1 exit status
make[1]: *** [CMakeFiles/cmTC_ad7c8.dir/build.make:87: cmTC_ad7c8] Error 1
make[1]: Leaving directory '/workspace/bao_files/my_tensor_RT/tensor_inference_lanenet/lanedetection_trt/build/CMakeFiles/CMakeTmp'
make: *** [Makefile:121: cmTC_ad7c8/fast] Error 2


